<?xml version="1.0" encoding="UTF-8"?>
<!-- Generated by org.testng.reporters.JUnitXMLReporter -->
<testsuite ignored="0" hostname="abhishek" failures="0" tests="6" name="BikeDetailsTest" time="64.804" errors="0" timestamp="2021-06-07T09:13:49 IST">
  <testcase classname="com.bikes.testCases.BikeDetailsTest" name="invokedriver" time="46.822"/>
  <testcase classname="com.bikes.testCases.BikeDetailsTest" name="clickUpComingBikes" time="8.649"/>
  <testcase classname="com.bikes.testCases.BikeDetailsTest" name="selectHondaBikes" time="4.223"/>
  <testcase classname="com.bikes.testCases.BikeDetailsTest" name="clickViewMore" time="3.14"/>
  <testcase classname="com.bikes.testCases.BikeDetailsTest" name="displayUpcomingBikes" time="1.54"/>
  <testcase classname="com.bikes.testCases.BikeDetailsTest" name="verifyHondaPage" time="0.014"/>
</testsuite> <!-- BikeDetailsTest -->
