<?xml version="1.0" encoding="UTF-8"?>
<!-- Generated by org.testng.reporters.JUnitXMLReporter -->
<testsuite ignored="1" hostname="abhishek" failures="0" tests="1" name="LoginTest" time="74.659" errors="0" timestamp="2021-06-07T09:15:04 IST">
  <testcase classname="com.bikes.testCases.LoginTest" name="clickLogin2" time="74.656"/>
  <testcase classname="com.bikes.testCases.LoginTest" name="clickLogin1" time="0.0">
    <ignored/>
  </testcase> <!-- clickLogin1 -->
</testsuite> <!-- LoginTest -->
