<?xml version="1.0" encoding="UTF-8"?>
<!-- Generated by org.testng.reporters.JUnitXMLReporter -->
<testsuite ignored="0" hostname="LAPTOP-0QEPCK00" failures="0" tests="3" name="Default test" time="40.186" errors="0" timestamp="31 May 2021 08:32:54 GMT">
  <testcase classname="com.bikes.testCases.UsedCarsTest" name="selectChennai" time="37.771"/>
  <testcase classname="com.bikes.testCases.UsedCarsTest" name="getPopularModels" time="1.09"/>
  <testcase classname="com.bikes.testCases.UsedCarsTest" name="verifyChennai" time="0.032"/>
</testsuite> <!-- Default test -->
