<?xml version="1.0" encoding="UTF-8"?>
<testng-results ignored="0" total="2" passed="1" failed="1" skipped="0">
  <reporter-output>
  </reporter-output>
  <suite started-at="2021-06-06T17:44:11Z" name="Command line suite" finished-at="2021-06-06T17:48:02Z" duration-ms="231462">
    <groups>
      <group name="Regression Test">
        <method signature="BikeDetailsTest.verifyHondaPage()[pri:0, instance:com.bikes.testCases.BikeDetailsTest@6e0dec4a]" name="verifyHondaPage" class="com.bikes.testCases.BikeDetailsTest"/>
        <method signature="UsedCarsTest.verifyChennai()[pri:0, instance:com.bikes.testCases.UsedCarsTest@5ccddd20]" name="verifyChennai" class="com.bikes.testCases.UsedCarsTest"/>
      </group> <!-- Regression Test -->
      <group name="Smoke Test">
        <method signature="BikeDetailsTest.clickUpComingBikes()[pri:1, instance:com.bikes.testCases.BikeDetailsTest@6e0dec4a]" name="clickUpComingBikes" class="com.bikes.testCases.BikeDetailsTest"/>
        <method signature="BikeDetailsTest.clickViewMore()[pri:3, instance:com.bikes.testCases.BikeDetailsTest@6e0dec4a]" name="clickViewMore" class="com.bikes.testCases.BikeDetailsTest"/>
        <method signature="BikeDetailsTest.displayUpcomingBikes()[pri:0, instance:com.bikes.testCases.BikeDetailsTest@6e0dec4a]" name="displayUpcomingBikes" class="com.bikes.testCases.BikeDetailsTest"/>
        <method signature="BikeDetailsTest.invokedriver()[pri:0, instance:com.bikes.testCases.BikeDetailsTest@6e0dec4a]" name="invokedriver" class="com.bikes.testCases.BikeDetailsTest"/>
        <method signature="BikeDetailsTest.selectHondaBikes()[pri:2, instance:com.bikes.testCases.BikeDetailsTest@6e0dec4a]" name="selectHondaBikes" class="com.bikes.testCases.BikeDetailsTest"/>
        <method signature="LoginTest.clickLogin2()[pri:1, instance:com.bikes.testCases.LoginTest@96def03]" name="clickLogin2" class="com.bikes.testCases.LoginTest"/>
        <method signature="UsedCarsTest.selectChennai()[pri:6, instance:com.bikes.testCases.UsedCarsTest@5ccddd20]" name="selectChennai" class="com.bikes.testCases.UsedCarsTest"/>
        <method signature="UsedCarsTest.getPopularModels()[pri:0, instance:com.bikes.testCases.UsedCarsTest@5ccddd20]" name="getPopularModels" class="com.bikes.testCases.UsedCarsTest"/>
      </group> <!-- Smoke Test -->
      <group name="Regression">
        <method signature="LoginTest.clickLogin1()[pri:0, instance:com.bikes.testCases.LoginTest@96def03]" name="clickLogin1" class="com.bikes.testCases.LoginTest"/>
      </group> <!-- Regression -->
    </groups>
    <test started-at="2021-06-06T17:44:11Z" name="Command line test" finished-at="2021-06-06T17:48:02Z" duration-ms="231462">
      <class name="com.bikes.testCases.BikeDetailsTest">
        <test-method signature="invokedriver()[pri:0, instance:com.bikes.testCases.BikeDetailsTest@6e0dec4a]" started-at="2021-06-06T17:44:11Z" name="invokedriver" finished-at="2021-06-06T17:44:44Z" duration-ms="33523" status="PASS">
          <reporter-output>
          </reporter-output>
        </test-method> <!-- invokedriver -->
      </class> <!-- com.bikes.testCases.BikeDetailsTest -->
      <class name="com.bikes.testCases.LoginTest">
        <test-method signature="clickLogin1()[pri:0, instance:com.bikes.testCases.LoginTest@96def03]" started-at="2021-06-06T17:44:45Z" name="clickLogin1" finished-at="2021-06-06T17:48:02Z" duration-ms="197695" status="FAIL">
          <exception class="org.openqa.selenium.NoSuchElementException">
            <message>
              <![CDATA[no such element: Unable to locate element: {"method":"css selector","selector":"*[name='password']"}
  (Session info: chrome=91.0.4472.77)
For documentation on this error, please visit: https://www.seleniumhq.org/exceptions/no_such_element.html
Build info: version: '3.141.59', revision: 'e82be7d358', time: '2018-11-14T08:17:03'
System info: host: 'ABHISHEK', ip: '192.168.43.222', os.name: 'Windows 10', os.arch: 'amd64', os.version: '10.0', java.version: '15.0.2'
Driver info: org.openqa.selenium.remote.RemoteWebDriver
Capabilities {acceptInsecureCerts: false, browserName: chrome, browserVersion: 91.0.4472.77, chrome: {chromedriverVersion: 91.0.4472.19 (1bf021f248676..., userDataDir: C:\Users\ABHISH~1\AppData\L...}, goog:chromeOptions: {debuggerAddress: localhost:59412}, javascriptEnabled: true, networkConnectionEnabled: false, pageLoadStrategy: normal, platform: WINDOWS, platformName: WINDOWS, proxy: Proxy(), setWindowRect: true, strictFileInteractability: false, timeouts: {implicit: 0, pageLoad: 300000, script: 30000}, unhandledPromptBehavior: dismiss and notify, webauthn:extension:largeBlob: true, webauthn:virtualAuthenticators: true, webdriver.remote.sessionid: 0da329a8c9f8c609684058ce021...}
Session ID: 0da329a8c9f8c609684058ce0216a1a9
*** Element info: {Using=name, value=password}]]>
            </message>
            <full-stacktrace>
              <![CDATA[org.openqa.selenium.NoSuchElementException: no such element: Unable to locate element: {"method":"css selector","selector":"*[name='password']"}
  (Session info: chrome=91.0.4472.77)
For documentation on this error, please visit: https://www.seleniumhq.org/exceptions/no_such_element.html
Build info: version: '3.141.59', revision: 'e82be7d358', time: '2018-11-14T08:17:03'
System info: host: 'ABHISHEK', ip: '192.168.43.222', os.name: 'Windows 10', os.arch: 'amd64', os.version: '10.0', java.version: '15.0.2'
Driver info: org.openqa.selenium.remote.RemoteWebDriver
Capabilities {acceptInsecureCerts: false, browserName: chrome, browserVersion: 91.0.4472.77, chrome: {chromedriverVersion: 91.0.4472.19 (1bf021f248676..., userDataDir: C:\Users\ABHISH~1\AppData\L...}, goog:chromeOptions: {debuggerAddress: localhost:59412}, javascriptEnabled: true, networkConnectionEnabled: false, pageLoadStrategy: normal, platform: WINDOWS, platformName: WINDOWS, proxy: Proxy(), setWindowRect: true, strictFileInteractability: false, timeouts: {implicit: 0, pageLoad: 300000, script: 30000}, unhandledPromptBehavior: dismiss and notify, webauthn:extension:largeBlob: true, webauthn:virtualAuthenticators: true, webdriver.remote.sessionid: 0da329a8c9f8c609684058ce021...}
Session ID: 0da329a8c9f8c609684058ce0216a1a9
*** Element info: {Using=name, value=password}
at java.base/jdk.internal.reflect.NativeConstructorAccessorImpl.newInstance0(Native Method)
at java.base/jdk.internal.reflect.NativeConstructorAccessorImpl.newInstance(NativeConstructorAccessorImpl.java:64)
at java.base/jdk.internal.reflect.DelegatingConstructorAccessorImpl.newInstance(DelegatingConstructorAccessorImpl.java:45)
at java.base/java.lang.reflect.Constructor.newInstanceWithCaller(Constructor.java:500)
at java.base/java.lang.reflect.Constructor.newInstance(Constructor.java:481)
at org.openqa.selenium.remote.http.W3CHttpResponseCodec.createException(W3CHttpResponseCodec.java:187)
at org.openqa.selenium.remote.http.W3CHttpResponseCodec.decode(W3CHttpResponseCodec.java:122)
at org.openqa.selenium.remote.http.W3CHttpResponseCodec.decode(W3CHttpResponseCodec.java:49)
at org.openqa.selenium.remote.HttpCommandExecutor.execute(HttpCommandExecutor.java:158)
at org.openqa.selenium.remote.RemoteWebDriver.execute(RemoteWebDriver.java:552)
at org.openqa.selenium.remote.RemoteWebDriver.findElement(RemoteWebDriver.java:323)
at org.openqa.selenium.remote.RemoteWebDriver.findElementByName(RemoteWebDriver.java:404)
at org.openqa.selenium.By$ByName.findElement(By.java:284)
at org.openqa.selenium.remote.RemoteWebDriver.findElement(RemoteWebDriver.java:315)
at com.bikes.pages.LoginPage.enterLoginDetails1(LoginPage.java:46)
at com.bikes.testCases.LoginTest.clickLogin1(LoginTest.java:31)
at java.base/jdk.internal.reflect.NativeMethodAccessorImpl.invoke0(Native Method)
at java.base/jdk.internal.reflect.NativeMethodAccessorImpl.invoke(NativeMethodAccessorImpl.java:64)
at java.base/jdk.internal.reflect.DelegatingMethodAccessorImpl.invoke(DelegatingMethodAccessorImpl.java:43)
at java.base/java.lang.reflect.Method.invoke(Method.java:564)
at org.testng.internal.MethodInvocationHelper.invokeMethod(MethodInvocationHelper.java:124)
at org.testng.internal.Invoker.invokeMethod(Invoker.java:583)
at org.testng.internal.Invoker.invokeTestMethod(Invoker.java:719)
at org.testng.internal.Invoker.invokeTestMethods(Invoker.java:989)
at org.testng.internal.TestMethodWorker.invokeTestMethods(TestMethodWorker.java:125)
at org.testng.internal.TestMethodWorker.run(TestMethodWorker.java:109)
at org.testng.TestRunner.privateRun(TestRunner.java:648)
at org.testng.TestRunner.run(TestRunner.java:505)
at org.testng.SuiteRunner.runTest(SuiteRunner.java:455)
at org.testng.SuiteRunner.runSequentially(SuiteRunner.java:450)
at org.testng.SuiteRunner.privateRun(SuiteRunner.java:415)
at org.testng.SuiteRunner.run(SuiteRunner.java:364)
at org.testng.SuiteRunnerWorker.runSuite(SuiteRunnerWorker.java:52)
at org.testng.SuiteRunnerWorker.run(SuiteRunnerWorker.java:84)
at org.testng.TestNG.runSuitesSequentially(TestNG.java:1208)
at org.testng.TestNG.runSuitesLocally(TestNG.java:1137)
at org.testng.TestNG.runSuites(TestNG.java:1049)
at org.testng.TestNG.run(TestNG.java:1017)
at org.apache.maven.surefire.testng.TestNGExecutor.run(TestNGExecutor.java:77)
at org.apache.maven.surefire.testng.TestNGDirectoryTestSuite.executeMulti(TestNGDirectoryTestSuite.java:159)
at org.apache.maven.surefire.testng.TestNGDirectoryTestSuite.execute(TestNGDirectoryTestSuite.java:99)
at org.apache.maven.surefire.testng.TestNGProvider.invoke(TestNGProvider.java:106)
at java.base/jdk.internal.reflect.NativeMethodAccessorImpl.invoke0(Native Method)
at java.base/jdk.internal.reflect.NativeMethodAccessorImpl.invoke(NativeMethodAccessorImpl.java:64)
at java.base/jdk.internal.reflect.DelegatingMethodAccessorImpl.invoke(DelegatingMethodAccessorImpl.java:43)
at java.base/java.lang.reflect.Method.invoke(Method.java:564)
at org.apache.maven.surefire.util.ReflectionUtils.invokeMethodWithArray(ReflectionUtils.java:189)
at org.apache.maven.surefire.booter.ProviderFactory$ProviderProxy.invoke(ProviderFactory.java:165)
at org.apache.maven.surefire.booter.ProviderFactory.invokeProvider(ProviderFactory.java:85)
at org.apache.maven.surefire.booter.ForkedBooter.runSuitesInProcess(ForkedBooter.java:115)
at org.apache.maven.surefire.booter.ForkedBooter.main(ForkedBooter.java:75)
]]>
            </full-stacktrace>
          </exception> <!-- org.openqa.selenium.NoSuchElementException -->
          <reporter-output>
          </reporter-output>
        </test-method> <!-- clickLogin1 -->
      </class> <!-- com.bikes.testCases.LoginTest -->
    </test> <!-- Command line test -->
  </suite> <!-- Command line suite -->
</testng-results>
